<?xml version="1.0" encoding="UTF-8"?>
<!-- Generated by org.testng.reporters.JUnitXMLReporter -->
<testsuite ignored="0" hostname="Manoj-Pruthvi" failures="0" tests="1" name="Validating title in the Page" time="0.013" errors="0" timestamp="2022-01-29T12:32:04 IST">
  <testcase classname="Academy.validateTitle" name="@BeforeTest initialize" time="0.001">
    <failure type="java.io.FileNotFoundException" message="C:\Users\rahul\E2EProject\src\main\java\resources\data.properties (The system cannot find the path specified)">
      <![CDATA[java.io.FileNotFoundException: C:\Users\rahul\E2EProject\src\main\java\resources\data.properties (The system cannot find the path specified)
at java.base/java.io.FileInputStream.open0(Native Method)
at java.base/java.io.FileInputStream.open(FileInputStream.java:211)
at java.base/java.io.FileInputStream.<init>(FileInputStream.java:153)
at java.base/java.io.FileInputStream.<init>(FileInputStream.java:108)
at resources.base.initializeDriver(base.java:23)
at Academy.validateTitle.initialize(validateTitle.java:28)
... Removed 24 stack frames]]>
    </failure>
  </testcase> <!-- @BeforeTest initialize -->
  <testcase classname="Academy.validateTitle" name="@AfterTest teardown" time="-1.643439724441E9">
    <skipped/>
  </testcase> <!-- @AfterTest teardown -->
  <testcase classname="Academy.validateTitle" name="validateAppTitle" time="0.0">
    <skipped/>
  </testcase> <!-- validateAppTitle -->
</testsuite> <!-- Validating title in the Page -->
